CRITICAL - 2025-06-23 21:49:51 --> Error: Call to undefined method App\Controllers\TestConexion::initController()
[Method: GET, Route: test-conexion]
in SYSTEMPATH\CodeIgniter.php on line 904.
 1 SYSTEMPATH\CodeIgniter.php(498): CodeIgniter\CodeIgniter->createController()
 2 SYSTEMPATH\CodeIgniter.php(354): CodeIgniter\CodeIgniter->handleRequest(null, Object(Config\Cache), false)
 3 SYSTEMPATH\Boot.php(334): CodeIgniter\CodeIgniter->run()
 4 SYSTEMPATH\Boot.php(67): CodeIgniter\Boot::runCodeIgniter(Object(CodeIgniter\CodeIgniter))
 5 FCPATH\index.php(59): CodeIgniter\Boot::bootWeb(Object(Config\Paths))
CRITICAL - 2025-06-23 21:49:54 --> Error: Call to undefined method App\Controllers\TestConexion::initController()
[Method: GET, Route: test-conexion]
in SYSTEMPATH\CodeIgniter.php on line 904.
 1 SYSTEMPATH\CodeIgniter.php(498): CodeIgniter\CodeIgniter->createController()
 2 SYSTEMPATH\CodeIgniter.php(354): CodeIgniter\CodeIgniter->handleRequest(null, Object(Config\Cache), false)
 3 SYSTEMPATH\Boot.php(334): CodeIgniter\CodeIgniter->run()
 4 SYSTEMPATH\Boot.php(67): CodeIgniter\Boot::runCodeIgniter(Object(CodeIgniter\CodeIgniter))
 5 FCPATH\index.php(59): CodeIgniter\Boot::bootWeb(Object(Config\Paths))
CRITICAL - 2025-06-23 21:50:30 --> Error: Class "App\Controllers\PDO" not found
[Method: GET, Route: test-conexion]
in APPPATH\Controllers\TestConexion.php on line 23.
 1 SYSTEMPATH\CodeIgniter.php(933): App\Controllers\TestConexion->index()
 2 SYSTEMPATH\CodeIgniter.php(507): CodeIgniter\CodeIgniter->runController(Object(App\Controllers\TestConexion))
 3 SYSTEMPATH\CodeIgniter.php(354): CodeIgniter\CodeIgniter->handleRequest(null, Object(Config\Cache), false)
 4 SYSTEMPATH\Boot.php(334): CodeIgniter\CodeIgniter->run()
 5 SYSTEMPATH\Boot.php(67): CodeIgniter\Boot::runCodeIgniter(Object(CodeIgniter\CodeIgniter))
 6 FCPATH\index.php(59): CodeIgniter\Boot::bootWeb(Object(Config\Paths))
CRITICAL - 2025-06-23 21:50:30 --> Error: Class "App\Controllers\PDO" not found
[Method: GET, Route: test-conexion]
in APPPATH\Controllers\TestConexion.php on line 23.
 1 SYSTEMPATH\CodeIgniter.php(933): App\Controllers\TestConexion->index()
 2 SYSTEMPATH\CodeIgniter.php(507): CodeIgniter\CodeIgniter->runController(Object(App\Controllers\TestConexion))
 3 SYSTEMPATH\CodeIgniter.php(354): CodeIgniter\CodeIgniter->handleRequest(null, Object(Config\Cache), false)
 4 SYSTEMPATH\Boot.php(334): CodeIgniter\CodeIgniter->run()
 5 SYSTEMPATH\Boot.php(67): CodeIgniter\Boot::runCodeIgniter(Object(CodeIgniter\CodeIgniter))
 6 FCPATH\index.php(59): CodeIgniter\Boot::bootWeb(Object(Config\Paths))
CRITICAL - 2025-06-23 21:50:31 --> Error: Class "App\Controllers\PDO" not found
[Method: GET, Route: test-conexion]
in APPPATH\Controllers\TestConexion.php on line 23.
 1 SYSTEMPATH\CodeIgniter.php(933): App\Controllers\TestConexion->index()
 2 SYSTEMPATH\CodeIgniter.php(507): CodeIgniter\CodeIgniter->runController(Object(App\Controllers\TestConexion))
 3 SYSTEMPATH\CodeIgniter.php(354): CodeIgniter\CodeIgniter->handleRequest(null, Object(Config\Cache), false)
 4 SYSTEMPATH\Boot.php(334): CodeIgniter\CodeIgniter->run()
 5 SYSTEMPATH\Boot.php(67): CodeIgniter\Boot::runCodeIgniter(Object(CodeIgniter\CodeIgniter))
 6 FCPATH\index.php(59): CodeIgniter\Boot::bootWeb(Object(Config\Paths))
CRITICAL - 2025-06-23 21:50:31 --> Error: Class "App\Controllers\PDO" not found
[Method: GET, Route: test-conexion]
in APPPATH\Controllers\TestConexion.php on line 23.
 1 SYSTEMPATH\CodeIgniter.php(933): App\Controllers\TestConexion->index()
 2 SYSTEMPATH\CodeIgniter.php(507): CodeIgniter\CodeIgniter->runController(Object(App\Controllers\TestConexion))
 3 SYSTEMPATH\CodeIgniter.php(354): CodeIgniter\CodeIgniter->handleRequest(null, Object(Config\Cache), false)
 4 SYSTEMPATH\Boot.php(334): CodeIgniter\CodeIgniter->run()
 5 SYSTEMPATH\Boot.php(67): CodeIgniter\Boot::runCodeIgniter(Object(CodeIgniter\CodeIgniter))
 6 FCPATH\index.php(59): CodeIgniter\Boot::bootWeb(Object(Config\Paths))
CRITICAL - 2025-06-23 21:50:31 --> Error: Class "App\Controllers\PDO" not found
[Method: GET, Route: test-conexion]
in APPPATH\Controllers\TestConexion.php on line 23.
 1 SYSTEMPATH\CodeIgniter.php(933): App\Controllers\TestConexion->index()
 2 SYSTEMPATH\CodeIgniter.php(507): CodeIgniter\CodeIgniter->runController(Object(App\Controllers\TestConexion))
 3 SYSTEMPATH\CodeIgniter.php(354): CodeIgniter\CodeIgniter->handleRequest(null, Object(Config\Cache), false)
 4 SYSTEMPATH\Boot.php(334): CodeIgniter\CodeIgniter->run()
 5 SYSTEMPATH\Boot.php(67): CodeIgniter\Boot::runCodeIgniter(Object(CodeIgniter\CodeIgniter))
 6 FCPATH\index.php(59): CodeIgniter\Boot::bootWeb(Object(Config\Paths))
