CRITICAL - 2025-07-05 23:14:18 --> ErrorException: require_once(C:\xampp\htdocs\guitarraguagua-project\Framework\app\ThirdParty/fpdf/fpdf.php): Failed to open stream: No such file or directory
[Method: GET, Route: generar-horario]
in APPPATH\Controllers\GenerarHorarioCon.php on line 4.
 1 APPPATH\Controllers\GenerarHorarioCon.php(4): CodeIgniter\Debug\Exceptions->errorHandler(2, 'require_once(C:\\xampp\\htdocs\\guitarraguagua-project\\Framework\\app\\ThirdParty/fpdf/fpdf.php): Failed to open stream: No such file or directory', 'C:\\xampp\\htdocs\\guitarraguagua-project\\Framework\\app\\Controllers\\GenerarHorarioCon.php', 4)
 2 APPPATH\Controllers\GenerarHorarioCon.php(4): require_once()
 3 SYSTEMPATH\Autoloader\Autoloader.php(316): include_once('C:\\xampp\\htdocs\\guitarraguagua-project\\Framework\\app\\Controllers\\GenerarHorarioCon.php')
 4 SYSTEMPATH\Autoloader\Autoloader.php(295): CodeIgniter\Autoloader\Autoloader->includeFile('C:\\xampp\\htdocs\\guitarraguagua-project\\Framework\\app\\Controllers\\GenerarHorarioCon.php')
 5 SYSTEMPATH\Autoloader\Autoloader.php(271): CodeIgniter\Autoloader\Autoloader->loadInNamespace('App\\Controllers\\GenerarHorarioCon')
 6 [internal function]: CodeIgniter\Autoloader\Autoloader->loadClass('App\\Controllers\\GenerarHorarioCon')
 7 SYSTEMPATH\CodeIgniter.php(885): class_exists('\\App\\Controllers\\GenerarHorarioCon', true)
 8 SYSTEMPATH\CodeIgniter.php(494): CodeIgniter\CodeIgniter->startController()
 9 SYSTEMPATH\CodeIgniter.php(354): CodeIgniter\CodeIgniter->handleRequest(null, Object(Config\Cache), false)
10 SYSTEMPATH\Boot.php(334): CodeIgniter\CodeIgniter->run()
11 SYSTEMPATH\Boot.php(67): CodeIgniter\Boot::runCodeIgniter(Object(CodeIgniter\CodeIgniter))
12 FCPATH\index.php(59): CodeIgniter\Boot::bootWeb(Object(Config\Paths))
CRITICAL - 2025-07-05 23:14:21 --> ErrorException: require_once(C:\xampp\htdocs\guitarraguagua-project\Framework\app\ThirdParty/fpdf/fpdf.php): Failed to open stream: No such file or directory
[Method: GET, Route: generar-horario]
in APPPATH\Controllers\GenerarHorarioCon.php on line 4.
 1 APPPATH\Controllers\GenerarHorarioCon.php(4): CodeIgniter\Debug\Exceptions->errorHandler(2, 'require_once(C:\\xampp\\htdocs\\guitarraguagua-project\\Framework\\app\\ThirdParty/fpdf/fpdf.php): Failed to open stream: No such file or directory', 'C:\\xampp\\htdocs\\guitarraguagua-project\\Framework\\app\\Controllers\\GenerarHorarioCon.php', 4)
 2 APPPATH\Controllers\GenerarHorarioCon.php(4): require_once()
 3 SYSTEMPATH\Autoloader\Autoloader.php(316): include_once('C:\\xampp\\htdocs\\guitarraguagua-project\\Framework\\app\\Controllers\\GenerarHorarioCon.php')
 4 SYSTEMPATH\Autoloader\Autoloader.php(295): CodeIgniter\Autoloader\Autoloader->includeFile('C:\\xampp\\htdocs\\guitarraguagua-project\\Framework\\app\\Controllers\\GenerarHorarioCon.php')
 5 SYSTEMPATH\Autoloader\Autoloader.php(271): CodeIgniter\Autoloader\Autoloader->loadInNamespace('App\\Controllers\\GenerarHorarioCon')
 6 [internal function]: CodeIgniter\Autoloader\Autoloader->loadClass('App\\Controllers\\GenerarHorarioCon')
 7 SYSTEMPATH\CodeIgniter.php(885): class_exists('\\App\\Controllers\\GenerarHorarioCon', true)
 8 SYSTEMPATH\CodeIgniter.php(494): CodeIgniter\CodeIgniter->startController()
 9 SYSTEMPATH\CodeIgniter.php(354): CodeIgniter\CodeIgniter->handleRequest(null, Object(Config\Cache), false)
10 SYSTEMPATH\Boot.php(334): CodeIgniter\CodeIgniter->run()
11 SYSTEMPATH\Boot.php(67): CodeIgniter\Boot::runCodeIgniter(Object(CodeIgniter\CodeIgniter))
12 FCPATH\index.php(59): CodeIgniter\Boot::bootWeb(Object(Config\Paths))
CRITICAL - 2025-07-05 23:19:02 --> ErrorException: require_once(C:\xampp\htdocs\guitarraguagua-project\Framework\app\ThirdParty/fpdf/fpdf.php): Failed to open stream: No such file or directory
[Method: GET, Route: generar-horario]
in APPPATH\Controllers\GenerarHorarioCon.php on line 4.
 1 APPPATH\Controllers\GenerarHorarioCon.php(4): CodeIgniter\Debug\Exceptions->errorHandler(2, 'require_once(C:\\xampp\\htdocs\\guitarraguagua-project\\Framework\\app\\ThirdParty/fpdf/fpdf.php): Failed to open stream: No such file or directory', 'C:\\xampp\\htdocs\\guitarraguagua-project\\Framework\\app\\Controllers\\GenerarHorarioCon.php', 4)
 2 APPPATH\Controllers\GenerarHorarioCon.php(4): require_once()
 3 SYSTEMPATH\Autoloader\Autoloader.php(316): include_once('C:\\xampp\\htdocs\\guitarraguagua-project\\Framework\\app\\Controllers\\GenerarHorarioCon.php')
 4 SYSTEMPATH\Autoloader\Autoloader.php(295): CodeIgniter\Autoloader\Autoloader->includeFile('C:\\xampp\\htdocs\\guitarraguagua-project\\Framework\\app\\Controllers\\GenerarHorarioCon.php')
 5 SYSTEMPATH\Autoloader\Autoloader.php(271): CodeIgniter\Autoloader\Autoloader->loadInNamespace('App\\Controllers\\GenerarHorarioCon')
 6 [internal function]: CodeIgniter\Autoloader\Autoloader->loadClass('App\\Controllers\\GenerarHorarioCon')
 7 SYSTEMPATH\CodeIgniter.php(885): class_exists('\\App\\Controllers\\GenerarHorarioCon', true)
 8 SYSTEMPATH\CodeIgniter.php(494): CodeIgniter\CodeIgniter->startController()
 9 SYSTEMPATH\CodeIgniter.php(354): CodeIgniter\CodeIgniter->handleRequest(null, Object(Config\Cache), false)
10 SYSTEMPATH\Boot.php(334): CodeIgniter\CodeIgniter->run()
11 SYSTEMPATH\Boot.php(67): CodeIgniter\Boot::runCodeIgniter(Object(CodeIgniter\CodeIgniter))
12 FCPATH\index.php(59): CodeIgniter\Boot::bootWeb(Object(Config\Paths))
CRITICAL - 2025-07-05 23:23:03 --> ErrorException: require_once(C:\xampp\htdocs\guitarraguagua-project\Framework\app\ThirdParty/fpdf/fpdf.php): Failed to open stream: No such file or directory
[Method: GET, Route: generar-horario]
in APPPATH\Controllers\GenerarHorarioCon.php on line 4.
 1 APPPATH\Controllers\GenerarHorarioCon.php(4): CodeIgniter\Debug\Exceptions->errorHandler(2, 'require_once(C:\\xampp\\htdocs\\guitarraguagua-project\\Framework\\app\\ThirdParty/fpdf/fpdf.php): Failed to open stream: No such file or directory', 'C:\\xampp\\htdocs\\guitarraguagua-project\\Framework\\app\\Controllers\\GenerarHorarioCon.php', 4)
 2 APPPATH\Controllers\GenerarHorarioCon.php(4): require_once()
 3 SYSTEMPATH\Autoloader\Autoloader.php(316): include_once('C:\\xampp\\htdocs\\guitarraguagua-project\\Framework\\app\\Controllers\\GenerarHorarioCon.php')
 4 SYSTEMPATH\Autoloader\Autoloader.php(295): CodeIgniter\Autoloader\Autoloader->includeFile('C:\\xampp\\htdocs\\guitarraguagua-project\\Framework\\app\\Controllers\\GenerarHorarioCon.php')
 5 SYSTEMPATH\Autoloader\Autoloader.php(271): CodeIgniter\Autoloader\Autoloader->loadInNamespace('App\\Controllers\\GenerarHorarioCon')
 6 [internal function]: CodeIgniter\Autoloader\Autoloader->loadClass('App\\Controllers\\GenerarHorarioCon')
 7 SYSTEMPATH\CodeIgniter.php(885): class_exists('\\App\\Controllers\\GenerarHorarioCon', true)
 8 SYSTEMPATH\CodeIgniter.php(494): CodeIgniter\CodeIgniter->startController()
 9 SYSTEMPATH\CodeIgniter.php(354): CodeIgniter\CodeIgniter->handleRequest(null, Object(Config\Cache), false)
10 SYSTEMPATH\Boot.php(334): CodeIgniter\CodeIgniter->run()
11 SYSTEMPATH\Boot.php(67): CodeIgniter\Boot::runCodeIgniter(Object(CodeIgniter\CodeIgniter))
12 FCPATH\index.php(59): CodeIgniter\Boot::bootWeb(Object(Config\Paths))
CRITICAL - 2025-07-05 23:24:00 --> ErrorException: require_once(C:\xampp\htdocs\guitarraguagua-project\Framework\app\ThirdParty/fpdf/fpdf.php): Failed to open stream: No such file or directory
[Method: GET, Route: generar-horario]
in APPPATH\Controllers\GenerarHorarioCon.php on line 4.
 1 APPPATH\Controllers\GenerarHorarioCon.php(4): CodeIgniter\Debug\Exceptions->errorHandler(2, 'require_once(C:\\xampp\\htdocs\\guitarraguagua-project\\Framework\\app\\ThirdParty/fpdf/fpdf.php): Failed to open stream: No such file or directory', 'C:\\xampp\\htdocs\\guitarraguagua-project\\Framework\\app\\Controllers\\GenerarHorarioCon.php', 4)
 2 APPPATH\Controllers\GenerarHorarioCon.php(4): require_once()
 3 SYSTEMPATH\Autoloader\Autoloader.php(316): include_once('C:\\xampp\\htdocs\\guitarraguagua-project\\Framework\\app\\Controllers\\GenerarHorarioCon.php')
 4 SYSTEMPATH\Autoloader\Autoloader.php(295): CodeIgniter\Autoloader\Autoloader->includeFile('C:\\xampp\\htdocs\\guitarraguagua-project\\Framework\\app\\Controllers\\GenerarHorarioCon.php')
 5 SYSTEMPATH\Autoloader\Autoloader.php(271): CodeIgniter\Autoloader\Autoloader->loadInNamespace('App\\Controllers\\GenerarHorarioCon')
 6 [internal function]: CodeIgniter\Autoloader\Autoloader->loadClass('App\\Controllers\\GenerarHorarioCon')
 7 SYSTEMPATH\CodeIgniter.php(885): class_exists('\\App\\Controllers\\GenerarHorarioCon', true)
 8 SYSTEMPATH\CodeIgniter.php(494): CodeIgniter\CodeIgniter->startController()
 9 SYSTEMPATH\CodeIgniter.php(354): CodeIgniter\CodeIgniter->handleRequest(null, Object(Config\Cache), false)
10 SYSTEMPATH\Boot.php(334): CodeIgniter\CodeIgniter->run()
11 SYSTEMPATH\Boot.php(67): CodeIgniter\Boot::runCodeIgniter(Object(CodeIgniter\CodeIgniter))
12 FCPATH\index.php(59): CodeIgniter\Boot::bootWeb(Object(Config\Paths))
CRITICAL - 2025-07-05 23:24:14 --> ErrorException: require_once(C:\xampp\htdocs\guitarraguagua-project\Framework\app\ThirdParty/fpdf/fpdf.php): Failed to open stream: No such file or directory
[Method: GET, Route: generar-horario]
in APPPATH\Controllers\GenerarHorarioCon.php on line 4.
 1 APPPATH\Controllers\GenerarHorarioCon.php(4): CodeIgniter\Debug\Exceptions->errorHandler(2, 'require_once(C:\\xampp\\htdocs\\guitarraguagua-project\\Framework\\app\\ThirdParty/fpdf/fpdf.php): Failed to open stream: No such file or directory', 'C:\\xampp\\htdocs\\guitarraguagua-project\\Framework\\app\\Controllers\\GenerarHorarioCon.php', 4)
 2 APPPATH\Controllers\GenerarHorarioCon.php(4): require_once()
 3 SYSTEMPATH\Autoloader\Autoloader.php(316): include_once('C:\\xampp\\htdocs\\guitarraguagua-project\\Framework\\app\\Controllers\\GenerarHorarioCon.php')
 4 SYSTEMPATH\Autoloader\Autoloader.php(295): CodeIgniter\Autoloader\Autoloader->includeFile('C:\\xampp\\htdocs\\guitarraguagua-project\\Framework\\app\\Controllers\\GenerarHorarioCon.php')
 5 SYSTEMPATH\Autoloader\Autoloader.php(271): CodeIgniter\Autoloader\Autoloader->loadInNamespace('App\\Controllers\\GenerarHorarioCon')
 6 [internal function]: CodeIgniter\Autoloader\Autoloader->loadClass('App\\Controllers\\GenerarHorarioCon')
 7 SYSTEMPATH\CodeIgniter.php(885): class_exists('\\App\\Controllers\\GenerarHorarioCon', true)
 8 SYSTEMPATH\CodeIgniter.php(494): CodeIgniter\CodeIgniter->startController()
 9 SYSTEMPATH\CodeIgniter.php(354): CodeIgniter\CodeIgniter->handleRequest(null, Object(Config\Cache), false)
10 SYSTEMPATH\Boot.php(334): CodeIgniter\CodeIgniter->run()
11 SYSTEMPATH\Boot.php(67): CodeIgniter\Boot::runCodeIgniter(Object(CodeIgniter\CodeIgniter))
12 FCPATH\index.php(59): CodeIgniter\Boot::bootWeb(Object(Config\Paths))
CRITICAL - 2025-07-05 23:26:22 --> ErrorException: require_once(C:\xampp\htdocs\guitarraguagua-project\Framework\app\ThirdParty/fpdf/fpdf.php): Failed to open stream: No such file or directory
[Method: GET, Route: generar-horario]
in APPPATH\Controllers\GenerarHorarioCon.php on line 4.
 1 APPPATH\Controllers\GenerarHorarioCon.php(4): CodeIgniter\Debug\Exceptions->errorHandler(2, 'require_once(C:\\xampp\\htdocs\\guitarraguagua-project\\Framework\\app\\ThirdParty/fpdf/fpdf.php): Failed to open stream: No such file or directory', 'C:\\xampp\\htdocs\\guitarraguagua-project\\Framework\\app\\Controllers\\GenerarHorarioCon.php', 4)
 2 APPPATH\Controllers\GenerarHorarioCon.php(4): require_once()
 3 SYSTEMPATH\Autoloader\Autoloader.php(316): include_once('C:\\xampp\\htdocs\\guitarraguagua-project\\Framework\\app\\Controllers\\GenerarHorarioCon.php')
 4 SYSTEMPATH\Autoloader\Autoloader.php(295): CodeIgniter\Autoloader\Autoloader->includeFile('C:\\xampp\\htdocs\\guitarraguagua-project\\Framework\\app\\Controllers\\GenerarHorarioCon.php')
 5 SYSTEMPATH\Autoloader\Autoloader.php(271): CodeIgniter\Autoloader\Autoloader->loadInNamespace('App\\Controllers\\GenerarHorarioCon')
 6 [internal function]: CodeIgniter\Autoloader\Autoloader->loadClass('App\\Controllers\\GenerarHorarioCon')
 7 SYSTEMPATH\CodeIgniter.php(885): class_exists('\\App\\Controllers\\GenerarHorarioCon', true)
 8 SYSTEMPATH\CodeIgniter.php(494): CodeIgniter\CodeIgniter->startController()
 9 SYSTEMPATH\CodeIgniter.php(354): CodeIgniter\CodeIgniter->handleRequest(null, Object(Config\Cache), false)
10 SYSTEMPATH\Boot.php(334): CodeIgniter\CodeIgniter->run()
11 SYSTEMPATH\Boot.php(67): CodeIgniter\Boot::runCodeIgniter(Object(CodeIgniter\CodeIgniter))
12 FCPATH\index.php(59): CodeIgniter\Boot::bootWeb(Object(Config\Paths))
CRITICAL - 2025-07-05 23:26:53 --> ErrorException: require_once(C:\xampp\htdocs\guitarraguagua-project\Framework\app\ThirdParty/fpdf/fpdf.php): Failed to open stream: No such file or directory
[Method: GET, Route: generar-horario]
in APPPATH\Controllers\GenerarHorarioCon.php on line 4.
 1 APPPATH\Controllers\GenerarHorarioCon.php(4): CodeIgniter\Debug\Exceptions->errorHandler(2, 'require_once(C:\\xampp\\htdocs\\guitarraguagua-project\\Framework\\app\\ThirdParty/fpdf/fpdf.php): Failed to open stream: No such file or directory', 'C:\\xampp\\htdocs\\guitarraguagua-project\\Framework\\app\\Controllers\\GenerarHorarioCon.php', 4)
 2 APPPATH\Controllers\GenerarHorarioCon.php(4): require_once()
 3 SYSTEMPATH\Autoloader\Autoloader.php(316): include_once('C:\\xampp\\htdocs\\guitarraguagua-project\\Framework\\app\\Controllers\\GenerarHorarioCon.php')
 4 SYSTEMPATH\Autoloader\Autoloader.php(295): CodeIgniter\Autoloader\Autoloader->includeFile('C:\\xampp\\htdocs\\guitarraguagua-project\\Framework\\app\\Controllers\\GenerarHorarioCon.php')
 5 SYSTEMPATH\Autoloader\Autoloader.php(271): CodeIgniter\Autoloader\Autoloader->loadInNamespace('App\\Controllers\\GenerarHorarioCon')
 6 [internal function]: CodeIgniter\Autoloader\Autoloader->loadClass('App\\Controllers\\GenerarHorarioCon')
 7 SYSTEMPATH\CodeIgniter.php(885): class_exists('\\App\\Controllers\\GenerarHorarioCon', true)
 8 SYSTEMPATH\CodeIgniter.php(494): CodeIgniter\CodeIgniter->startController()
 9 SYSTEMPATH\CodeIgniter.php(354): CodeIgniter\CodeIgniter->handleRequest(null, Object(Config\Cache), false)
10 SYSTEMPATH\Boot.php(334): CodeIgniter\CodeIgniter->run()
11 SYSTEMPATH\Boot.php(67): CodeIgniter\Boot::runCodeIgniter(Object(CodeIgniter\CodeIgniter))
12 FCPATH\index.php(59): CodeIgniter\Boot::bootWeb(Object(Config\Paths))
CRITICAL - 2025-07-05 23:26:55 --> ErrorException: require_once(C:\xampp\htdocs\guitarraguagua-project\Framework\app\ThirdParty/fpdf/fpdf.php): Failed to open stream: No such file or directory
[Method: GET, Route: generar-horario]
in APPPATH\Controllers\GenerarHorarioCon.php on line 4.
 1 APPPATH\Controllers\GenerarHorarioCon.php(4): CodeIgniter\Debug\Exceptions->errorHandler(2, 'require_once(C:\\xampp\\htdocs\\guitarraguagua-project\\Framework\\app\\ThirdParty/fpdf/fpdf.php): Failed to open stream: No such file or directory', 'C:\\xampp\\htdocs\\guitarraguagua-project\\Framework\\app\\Controllers\\GenerarHorarioCon.php', 4)
 2 APPPATH\Controllers\GenerarHorarioCon.php(4): require_once()
 3 SYSTEMPATH\Autoloader\Autoloader.php(316): include_once('C:\\xampp\\htdocs\\guitarraguagua-project\\Framework\\app\\Controllers\\GenerarHorarioCon.php')
 4 SYSTEMPATH\Autoloader\Autoloader.php(295): CodeIgniter\Autoloader\Autoloader->includeFile('C:\\xampp\\htdocs\\guitarraguagua-project\\Framework\\app\\Controllers\\GenerarHorarioCon.php')
 5 SYSTEMPATH\Autoloader\Autoloader.php(271): CodeIgniter\Autoloader\Autoloader->loadInNamespace('App\\Controllers\\GenerarHorarioCon')
 6 [internal function]: CodeIgniter\Autoloader\Autoloader->loadClass('App\\Controllers\\GenerarHorarioCon')
 7 SYSTEMPATH\CodeIgniter.php(885): class_exists('\\App\\Controllers\\GenerarHorarioCon', true)
 8 SYSTEMPATH\CodeIgniter.php(494): CodeIgniter\CodeIgniter->startController()
 9 SYSTEMPATH\CodeIgniter.php(354): CodeIgniter\CodeIgniter->handleRequest(null, Object(Config\Cache), false)
10 SYSTEMPATH\Boot.php(334): CodeIgniter\CodeIgniter->run()
11 SYSTEMPATH\Boot.php(67): CodeIgniter\Boot::runCodeIgniter(Object(CodeIgniter\CodeIgniter))
12 FCPATH\index.php(59): CodeIgniter\Boot::bootWeb(Object(Config\Paths))
CRITICAL - 2025-07-05 23:26:58 --> ErrorException: require_once(C:\xampp\htdocs\guitarraguagua-project\Framework\app\ThirdParty/fpdf/fpdf.php): Failed to open stream: No such file or directory
[Method: GET, Route: generar-horario]
in APPPATH\Controllers\GenerarHorarioCon.php on line 4.
 1 APPPATH\Controllers\GenerarHorarioCon.php(4): CodeIgniter\Debug\Exceptions->errorHandler(2, 'require_once(C:\\xampp\\htdocs\\guitarraguagua-project\\Framework\\app\\ThirdParty/fpdf/fpdf.php): Failed to open stream: No such file or directory', 'C:\\xampp\\htdocs\\guitarraguagua-project\\Framework\\app\\Controllers\\GenerarHorarioCon.php', 4)
 2 APPPATH\Controllers\GenerarHorarioCon.php(4): require_once()
 3 SYSTEMPATH\Autoloader\Autoloader.php(316): include_once('C:\\xampp\\htdocs\\guitarraguagua-project\\Framework\\app\\Controllers\\GenerarHorarioCon.php')
 4 SYSTEMPATH\Autoloader\Autoloader.php(295): CodeIgniter\Autoloader\Autoloader->includeFile('C:\\xampp\\htdocs\\guitarraguagua-project\\Framework\\app\\Controllers\\GenerarHorarioCon.php')
 5 SYSTEMPATH\Autoloader\Autoloader.php(271): CodeIgniter\Autoloader\Autoloader->loadInNamespace('App\\Controllers\\GenerarHorarioCon')
 6 [internal function]: CodeIgniter\Autoloader\Autoloader->loadClass('App\\Controllers\\GenerarHorarioCon')
 7 SYSTEMPATH\CodeIgniter.php(885): class_exists('\\App\\Controllers\\GenerarHorarioCon', true)
 8 SYSTEMPATH\CodeIgniter.php(494): CodeIgniter\CodeIgniter->startController()
 9 SYSTEMPATH\CodeIgniter.php(354): CodeIgniter\CodeIgniter->handleRequest(null, Object(Config\Cache), false)
10 SYSTEMPATH\Boot.php(334): CodeIgniter\CodeIgniter->run()
11 SYSTEMPATH\Boot.php(67): CodeIgniter\Boot::runCodeIgniter(Object(CodeIgniter\CodeIgniter))
12 FCPATH\index.php(59): CodeIgniter\Boot::bootWeb(Object(Config\Paths))
CRITICAL - 2025-07-05 23:29:01 --> ErrorException: require_once(C:\xampp\htdocs\guitarraguagua-project\Framework\app\ThirdParty/fpdf/fpdf.php): Failed to open stream: No such file or directory
[Method: GET, Route: generar-horario]
in APPPATH\Controllers\GenerarHorarioCon.php on line 4.
 1 APPPATH\Controllers\GenerarHorarioCon.php(4): CodeIgniter\Debug\Exceptions->errorHandler(2, 'require_once(C:\\xampp\\htdocs\\guitarraguagua-project\\Framework\\app\\ThirdParty/fpdf/fpdf.php): Failed to open stream: No such file or directory', 'C:\\xampp\\htdocs\\guitarraguagua-project\\Framework\\app\\Controllers\\GenerarHorarioCon.php', 4)
 2 APPPATH\Controllers\GenerarHorarioCon.php(4): require_once()
 3 SYSTEMPATH\Autoloader\Autoloader.php(316): include_once('C:\\xampp\\htdocs\\guitarraguagua-project\\Framework\\app\\Controllers\\GenerarHorarioCon.php')
 4 SYSTEMPATH\Autoloader\Autoloader.php(295): CodeIgniter\Autoloader\Autoloader->includeFile('C:\\xampp\\htdocs\\guitarraguagua-project\\Framework\\app\\Controllers\\GenerarHorarioCon.php')
 5 SYSTEMPATH\Autoloader\Autoloader.php(271): CodeIgniter\Autoloader\Autoloader->loadInNamespace('App\\Controllers\\GenerarHorarioCon')
 6 [internal function]: CodeIgniter\Autoloader\Autoloader->loadClass('App\\Controllers\\GenerarHorarioCon')
 7 SYSTEMPATH\CodeIgniter.php(885): class_exists('\\App\\Controllers\\GenerarHorarioCon', true)
 8 SYSTEMPATH\CodeIgniter.php(494): CodeIgniter\CodeIgniter->startController()
 9 SYSTEMPATH\CodeIgniter.php(354): CodeIgniter\CodeIgniter->handleRequest(null, Object(Config\Cache), false)
10 SYSTEMPATH\Boot.php(334): CodeIgniter\CodeIgniter->run()
11 SYSTEMPATH\Boot.php(67): CodeIgniter\Boot::runCodeIgniter(Object(CodeIgniter\CodeIgniter))
12 FCPATH\index.php(59): CodeIgniter\Boot::bootWeb(Object(Config\Paths))
CRITICAL - 2025-07-05 23:29:04 --> ErrorException: require_once(C:\xampp\htdocs\guitarraguagua-project\Framework\app\ThirdParty/fpdf/fpdf.php): Failed to open stream: No such file or directory
[Method: GET, Route: generar-horario]
in APPPATH\Controllers\GenerarHorarioCon.php on line 4.
 1 APPPATH\Controllers\GenerarHorarioCon.php(4): CodeIgniter\Debug\Exceptions->errorHandler(2, 'require_once(C:\\xampp\\htdocs\\guitarraguagua-project\\Framework\\app\\ThirdParty/fpdf/fpdf.php): Failed to open stream: No such file or directory', 'C:\\xampp\\htdocs\\guitarraguagua-project\\Framework\\app\\Controllers\\GenerarHorarioCon.php', 4)
 2 APPPATH\Controllers\GenerarHorarioCon.php(4): require_once()
 3 SYSTEMPATH\Autoloader\Autoloader.php(316): include_once('C:\\xampp\\htdocs\\guitarraguagua-project\\Framework\\app\\Controllers\\GenerarHorarioCon.php')
 4 SYSTEMPATH\Autoloader\Autoloader.php(295): CodeIgniter\Autoloader\Autoloader->includeFile('C:\\xampp\\htdocs\\guitarraguagua-project\\Framework\\app\\Controllers\\GenerarHorarioCon.php')
 5 SYSTEMPATH\Autoloader\Autoloader.php(271): CodeIgniter\Autoloader\Autoloader->loadInNamespace('App\\Controllers\\GenerarHorarioCon')
 6 [internal function]: CodeIgniter\Autoloader\Autoloader->loadClass('App\\Controllers\\GenerarHorarioCon')
 7 SYSTEMPATH\CodeIgniter.php(885): class_exists('\\App\\Controllers\\GenerarHorarioCon', true)
 8 SYSTEMPATH\CodeIgniter.php(494): CodeIgniter\CodeIgniter->startController()
 9 SYSTEMPATH\CodeIgniter.php(354): CodeIgniter\CodeIgniter->handleRequest(null, Object(Config\Cache), false)
10 SYSTEMPATH\Boot.php(334): CodeIgniter\CodeIgniter->run()
11 SYSTEMPATH\Boot.php(67): CodeIgniter\Boot::runCodeIgniter(Object(CodeIgniter\CodeIgniter))
12 FCPATH\index.php(59): CodeIgniter\Boot::bootWeb(Object(Config\Paths))
CRITICAL - 2025-07-05 23:30:22 --> ErrorException: require_once(C:\xampp\htdocs\guitarraguagua-project\Framework\app\ThirdParty/fpdf/fpdf.php): Failed to open stream: No such file or directory
[Method: GET, Route: generar-horario]
in APPPATH\Controllers\GenerarHorarioCon.php on line 4.
 1 APPPATH\Controllers\GenerarHorarioCon.php(4): CodeIgniter\Debug\Exceptions->errorHandler(2, 'require_once(C:\\xampp\\htdocs\\guitarraguagua-project\\Framework\\app\\ThirdParty/fpdf/fpdf.php): Failed to open stream: No such file or directory', 'C:\\xampp\\htdocs\\guitarraguagua-project\\Framework\\app\\Controllers\\GenerarHorarioCon.php', 4)
 2 APPPATH\Controllers\GenerarHorarioCon.php(4): require_once()
 3 SYSTEMPATH\Autoloader\Autoloader.php(316): include_once('C:\\xampp\\htdocs\\guitarraguagua-project\\Framework\\app\\Controllers\\GenerarHorarioCon.php')
 4 SYSTEMPATH\Autoloader\Autoloader.php(295): CodeIgniter\Autoloader\Autoloader->includeFile('C:\\xampp\\htdocs\\guitarraguagua-project\\Framework\\app\\Controllers\\GenerarHorarioCon.php')
 5 SYSTEMPATH\Autoloader\Autoloader.php(271): CodeIgniter\Autoloader\Autoloader->loadInNamespace('App\\Controllers\\GenerarHorarioCon')
 6 [internal function]: CodeIgniter\Autoloader\Autoloader->loadClass('App\\Controllers\\GenerarHorarioCon')
 7 SYSTEMPATH\CodeIgniter.php(885): class_exists('\\App\\Controllers\\GenerarHorarioCon', true)
 8 SYSTEMPATH\CodeIgniter.php(494): CodeIgniter\CodeIgniter->startController()
 9 SYSTEMPATH\CodeIgniter.php(354): CodeIgniter\CodeIgniter->handleRequest(null, Object(Config\Cache), false)
10 SYSTEMPATH\Boot.php(334): CodeIgniter\CodeIgniter->run()
11 SYSTEMPATH\Boot.php(67): CodeIgniter\Boot::runCodeIgniter(Object(CodeIgniter\CodeIgniter))
12 FCPATH\index.php(59): CodeIgniter\Boot::bootWeb(Object(Config\Paths))
CRITICAL - 2025-07-05 23:30:25 --> ErrorException: require_once(C:\xampp\htdocs\guitarraguagua-project\Framework\app\ThirdParty/fpdf/fpdf.php): Failed to open stream: No such file or directory
[Method: GET, Route: generar-horario]
in APPPATH\Controllers\GenerarHorarioCon.php on line 4.
 1 APPPATH\Controllers\GenerarHorarioCon.php(4): CodeIgniter\Debug\Exceptions->errorHandler(2, 'require_once(C:\\xampp\\htdocs\\guitarraguagua-project\\Framework\\app\\ThirdParty/fpdf/fpdf.php): Failed to open stream: No such file or directory', 'C:\\xampp\\htdocs\\guitarraguagua-project\\Framework\\app\\Controllers\\GenerarHorarioCon.php', 4)
 2 APPPATH\Controllers\GenerarHorarioCon.php(4): require_once()
 3 SYSTEMPATH\Autoloader\Autoloader.php(316): include_once('C:\\xampp\\htdocs\\guitarraguagua-project\\Framework\\app\\Controllers\\GenerarHorarioCon.php')
 4 SYSTEMPATH\Autoloader\Autoloader.php(295): CodeIgniter\Autoloader\Autoloader->includeFile('C:\\xampp\\htdocs\\guitarraguagua-project\\Framework\\app\\Controllers\\GenerarHorarioCon.php')
 5 SYSTEMPATH\Autoloader\Autoloader.php(271): CodeIgniter\Autoloader\Autoloader->loadInNamespace('App\\Controllers\\GenerarHorarioCon')
 6 [internal function]: CodeIgniter\Autoloader\Autoloader->loadClass('App\\Controllers\\GenerarHorarioCon')
 7 SYSTEMPATH\CodeIgniter.php(885): class_exists('\\App\\Controllers\\GenerarHorarioCon', true)
 8 SYSTEMPATH\CodeIgniter.php(494): CodeIgniter\CodeIgniter->startController()
 9 SYSTEMPATH\CodeIgniter.php(354): CodeIgniter\CodeIgniter->handleRequest(null, Object(Config\Cache), false)
10 SYSTEMPATH\Boot.php(334): CodeIgniter\CodeIgniter->run()
11 SYSTEMPATH\Boot.php(67): CodeIgniter\Boot::runCodeIgniter(Object(CodeIgniter\CodeIgniter))
12 FCPATH\index.php(59): CodeIgniter\Boot::bootWeb(Object(Config\Paths))
CRITICAL - 2025-07-05 23:33:42 --> ErrorException: require_once(C:\xampp\htdocs\guitarraguagua-project\Framework\app\ThirdParty/fpdf/fpdf.php): Failed to open stream: No such file or directory
[Method: GET, Route: generar-horario]
in APPPATH\Controllers\GenerarHorarioCon.php on line 4.
 1 APPPATH\Controllers\GenerarHorarioCon.php(4): CodeIgniter\Debug\Exceptions->errorHandler(2, 'require_once(C:\\xampp\\htdocs\\guitarraguagua-project\\Framework\\app\\ThirdParty/fpdf/fpdf.php): Failed to open stream: No such file or directory', 'C:\\xampp\\htdocs\\guitarraguagua-project\\Framework\\app\\Controllers\\GenerarHorarioCon.php', 4)
 2 APPPATH\Controllers\GenerarHorarioCon.php(4): require_once()
 3 SYSTEMPATH\Autoloader\Autoloader.php(316): include_once('C:\\xampp\\htdocs\\guitarraguagua-project\\Framework\\app\\Controllers\\GenerarHorarioCon.php')
 4 SYSTEMPATH\Autoloader\Autoloader.php(295): CodeIgniter\Autoloader\Autoloader->includeFile('C:\\xampp\\htdocs\\guitarraguagua-project\\Framework\\app\\Controllers\\GenerarHorarioCon.php')
 5 SYSTEMPATH\Autoloader\Autoloader.php(271): CodeIgniter\Autoloader\Autoloader->loadInNamespace('App\\Controllers\\GenerarHorarioCon')
 6 [internal function]: CodeIgniter\Autoloader\Autoloader->loadClass('App\\Controllers\\GenerarHorarioCon')
 7 SYSTEMPATH\CodeIgniter.php(885): class_exists('\\App\\Controllers\\GenerarHorarioCon', true)
 8 SYSTEMPATH\CodeIgniter.php(494): CodeIgniter\CodeIgniter->startController()
 9 SYSTEMPATH\CodeIgniter.php(354): CodeIgniter\CodeIgniter->handleRequest(null, Object(Config\Cache), false)
10 SYSTEMPATH\Boot.php(334): CodeIgniter\CodeIgniter->run()
11 SYSTEMPATH\Boot.php(67): CodeIgniter\Boot::runCodeIgniter(Object(CodeIgniter\CodeIgniter))
12 FCPATH\index.php(59): CodeIgniter\Boot::bootWeb(Object(Config\Paths))
CRITICAL - 2025-07-05 23:34:36 --> ErrorException: require_once(C:\xampp\htdocs\guitarraguagua-project\Framework\app\ThirdParty/fpdf/fpdf.php): Failed to open stream: No such file or directory
[Method: GET, Route: generar-horario]
in APPPATH\Controllers\GenerarHorarioCon.php on line 4.
 1 APPPATH\Controllers\GenerarHorarioCon.php(4): CodeIgniter\Debug\Exceptions->errorHandler(2, 'require_once(C:\\xampp\\htdocs\\guitarraguagua-project\\Framework\\app\\ThirdParty/fpdf/fpdf.php): Failed to open stream: No such file or directory', 'C:\\xampp\\htdocs\\guitarraguagua-project\\Framework\\app\\Controllers\\GenerarHorarioCon.php', 4)
 2 APPPATH\Controllers\GenerarHorarioCon.php(4): require_once()
 3 SYSTEMPATH\Autoloader\Autoloader.php(316): include_once('C:\\xampp\\htdocs\\guitarraguagua-project\\Framework\\app\\Controllers\\GenerarHorarioCon.php')
 4 SYSTEMPATH\Autoloader\Autoloader.php(295): CodeIgniter\Autoloader\Autoloader->includeFile('C:\\xampp\\htdocs\\guitarraguagua-project\\Framework\\app\\Controllers\\GenerarHorarioCon.php')
 5 SYSTEMPATH\Autoloader\Autoloader.php(271): CodeIgniter\Autoloader\Autoloader->loadInNamespace('App\\Controllers\\GenerarHorarioCon')
 6 [internal function]: CodeIgniter\Autoloader\Autoloader->loadClass('App\\Controllers\\GenerarHorarioCon')
 7 SYSTEMPATH\CodeIgniter.php(885): class_exists('\\App\\Controllers\\GenerarHorarioCon', true)
 8 SYSTEMPATH\CodeIgniter.php(494): CodeIgniter\CodeIgniter->startController()
 9 SYSTEMPATH\CodeIgniter.php(354): CodeIgniter\CodeIgniter->handleRequest(null, Object(Config\Cache), false)
10 SYSTEMPATH\Boot.php(334): CodeIgniter\CodeIgniter->run()
11 SYSTEMPATH\Boot.php(67): CodeIgniter\Boot::runCodeIgniter(Object(CodeIgniter\CodeIgniter))
12 FCPATH\index.php(59): CodeIgniter\Boot::bootWeb(Object(Config\Paths))
CRITICAL - 2025-07-05 23:34:38 --> ErrorException: require_once(C:\xampp\htdocs\guitarraguagua-project\Framework\app\ThirdParty/fpdf/fpdf.php): Failed to open stream: No such file or directory
[Method: GET, Route: generar-horario]
in APPPATH\Controllers\GenerarHorarioCon.php on line 4.
 1 APPPATH\Controllers\GenerarHorarioCon.php(4): CodeIgniter\Debug\Exceptions->errorHandler(2, 'require_once(C:\\xampp\\htdocs\\guitarraguagua-project\\Framework\\app\\ThirdParty/fpdf/fpdf.php): Failed to open stream: No such file or directory', 'C:\\xampp\\htdocs\\guitarraguagua-project\\Framework\\app\\Controllers\\GenerarHorarioCon.php', 4)
 2 APPPATH\Controllers\GenerarHorarioCon.php(4): require_once()
 3 SYSTEMPATH\Autoloader\Autoloader.php(316): include_once('C:\\xampp\\htdocs\\guitarraguagua-project\\Framework\\app\\Controllers\\GenerarHorarioCon.php')
 4 SYSTEMPATH\Autoloader\Autoloader.php(295): CodeIgniter\Autoloader\Autoloader->includeFile('C:\\xampp\\htdocs\\guitarraguagua-project\\Framework\\app\\Controllers\\GenerarHorarioCon.php')
 5 SYSTEMPATH\Autoloader\Autoloader.php(271): CodeIgniter\Autoloader\Autoloader->loadInNamespace('App\\Controllers\\GenerarHorarioCon')
 6 [internal function]: CodeIgniter\Autoloader\Autoloader->loadClass('App\\Controllers\\GenerarHorarioCon')
 7 SYSTEMPATH\CodeIgniter.php(885): class_exists('\\App\\Controllers\\GenerarHorarioCon', true)
 8 SYSTEMPATH\CodeIgniter.php(494): CodeIgniter\CodeIgniter->startController()
 9 SYSTEMPATH\CodeIgniter.php(354): CodeIgniter\CodeIgniter->handleRequest(null, Object(Config\Cache), false)
10 SYSTEMPATH\Boot.php(334): CodeIgniter\CodeIgniter->run()
11 SYSTEMPATH\Boot.php(67): CodeIgniter\Boot::runCodeIgniter(Object(CodeIgniter\CodeIgniter))
12 FCPATH\index.php(59): CodeIgniter\Boot::bootWeb(Object(Config\Paths))
CRITICAL - 2025-07-05 23:34:49 --> ErrorException: require_once(C:\xampp\htdocs\guitarraguagua-project\Framework\app\ThirdParty/fpdf/fpdf.php): Failed to open stream: No such file or directory
[Method: GET, Route: generar-horario]
in APPPATH\Controllers\GenerarHorarioCon.php on line 4.
 1 APPPATH\Controllers\GenerarHorarioCon.php(4): CodeIgniter\Debug\Exceptions->errorHandler(2, 'require_once(C:\\xampp\\htdocs\\guitarraguagua-project\\Framework\\app\\ThirdParty/fpdf/fpdf.php): Failed to open stream: No such file or directory', 'C:\\xampp\\htdocs\\guitarraguagua-project\\Framework\\app\\Controllers\\GenerarHorarioCon.php', 4)
 2 APPPATH\Controllers\GenerarHorarioCon.php(4): require_once()
 3 SYSTEMPATH\Autoloader\Autoloader.php(316): include_once('C:\\xampp\\htdocs\\guitarraguagua-project\\Framework\\app\\Controllers\\GenerarHorarioCon.php')
 4 SYSTEMPATH\Autoloader\Autoloader.php(295): CodeIgniter\Autoloader\Autoloader->includeFile('C:\\xampp\\htdocs\\guitarraguagua-project\\Framework\\app\\Controllers\\GenerarHorarioCon.php')
 5 SYSTEMPATH\Autoloader\Autoloader.php(271): CodeIgniter\Autoloader\Autoloader->loadInNamespace('App\\Controllers\\GenerarHorarioCon')
 6 [internal function]: CodeIgniter\Autoloader\Autoloader->loadClass('App\\Controllers\\GenerarHorarioCon')
 7 SYSTEMPATH\CodeIgniter.php(885): class_exists('\\App\\Controllers\\GenerarHorarioCon', true)
 8 SYSTEMPATH\CodeIgniter.php(494): CodeIgniter\CodeIgniter->startController()
 9 SYSTEMPATH\CodeIgniter.php(354): CodeIgniter\CodeIgniter->handleRequest(null, Object(Config\Cache), false)
10 SYSTEMPATH\Boot.php(334): CodeIgniter\CodeIgniter->run()
11 SYSTEMPATH\Boot.php(67): CodeIgniter\Boot::runCodeIgniter(Object(CodeIgniter\CodeIgniter))
12 FCPATH\index.php(59): CodeIgniter\Boot::bootWeb(Object(Config\Paths))
CRITICAL - 2025-07-05 23:35:12 --> ErrorException: require_once(C:\xampp\htdocs\guitarraguagua-project\Framework\app\ThirdParty/fpdf/fpdf.php): Failed to open stream: No such file or directory
[Method: GET, Route: generar-horario]
in APPPATH\Controllers\GenerarHorarioCon.php on line 4.
 1 APPPATH\Controllers\GenerarHorarioCon.php(4): CodeIgniter\Debug\Exceptions->errorHandler(2, 'require_once(C:\\xampp\\htdocs\\guitarraguagua-project\\Framework\\app\\ThirdParty/fpdf/fpdf.php): Failed to open stream: No such file or directory', 'C:\\xampp\\htdocs\\guitarraguagua-project\\Framework\\app\\Controllers\\GenerarHorarioCon.php', 4)
 2 APPPATH\Controllers\GenerarHorarioCon.php(4): require_once()
 3 SYSTEMPATH\Autoloader\Autoloader.php(316): include_once('C:\\xampp\\htdocs\\guitarraguagua-project\\Framework\\app\\Controllers\\GenerarHorarioCon.php')
 4 SYSTEMPATH\Autoloader\Autoloader.php(295): CodeIgniter\Autoloader\Autoloader->includeFile('C:\\xampp\\htdocs\\guitarraguagua-project\\Framework\\app\\Controllers\\GenerarHorarioCon.php')
 5 SYSTEMPATH\Autoloader\Autoloader.php(271): CodeIgniter\Autoloader\Autoloader->loadInNamespace('App\\Controllers\\GenerarHorarioCon')
 6 [internal function]: CodeIgniter\Autoloader\Autoloader->loadClass('App\\Controllers\\GenerarHorarioCon')
 7 SYSTEMPATH\CodeIgniter.php(885): class_exists('\\App\\Controllers\\GenerarHorarioCon', true)
 8 SYSTEMPATH\CodeIgniter.php(494): CodeIgniter\CodeIgniter->startController()
 9 SYSTEMPATH\CodeIgniter.php(354): CodeIgniter\CodeIgniter->handleRequest(null, Object(Config\Cache), false)
10 SYSTEMPATH\Boot.php(334): CodeIgniter\CodeIgniter->run()
11 SYSTEMPATH\Boot.php(67): CodeIgniter\Boot::runCodeIgniter(Object(CodeIgniter\CodeIgniter))
12 FCPATH\index.php(59): CodeIgniter\Boot::bootWeb(Object(Config\Paths))
CRITICAL - 2025-07-05 23:35:13 --> ErrorException: require_once(C:\xampp\htdocs\guitarraguagua-project\Framework\app\ThirdParty/fpdf/fpdf.php): Failed to open stream: No such file or directory
[Method: GET, Route: generar-horario]
in APPPATH\Controllers\GenerarHorarioCon.php on line 4.
 1 APPPATH\Controllers\GenerarHorarioCon.php(4): CodeIgniter\Debug\Exceptions->errorHandler(2, 'require_once(C:\\xampp\\htdocs\\guitarraguagua-project\\Framework\\app\\ThirdParty/fpdf/fpdf.php): Failed to open stream: No such file or directory', 'C:\\xampp\\htdocs\\guitarraguagua-project\\Framework\\app\\Controllers\\GenerarHorarioCon.php', 4)
 2 APPPATH\Controllers\GenerarHorarioCon.php(4): require_once()
 3 SYSTEMPATH\Autoloader\Autoloader.php(316): include_once('C:\\xampp\\htdocs\\guitarraguagua-project\\Framework\\app\\Controllers\\GenerarHorarioCon.php')
 4 SYSTEMPATH\Autoloader\Autoloader.php(295): CodeIgniter\Autoloader\Autoloader->includeFile('C:\\xampp\\htdocs\\guitarraguagua-project\\Framework\\app\\Controllers\\GenerarHorarioCon.php')
 5 SYSTEMPATH\Autoloader\Autoloader.php(271): CodeIgniter\Autoloader\Autoloader->loadInNamespace('App\\Controllers\\GenerarHorarioCon')
 6 [internal function]: CodeIgniter\Autoloader\Autoloader->loadClass('App\\Controllers\\GenerarHorarioCon')
 7 SYSTEMPATH\CodeIgniter.php(885): class_exists('\\App\\Controllers\\GenerarHorarioCon', true)
 8 SYSTEMPATH\CodeIgniter.php(494): CodeIgniter\CodeIgniter->startController()
 9 SYSTEMPATH\CodeIgniter.php(354): CodeIgniter\CodeIgniter->handleRequest(null, Object(Config\Cache), false)
10 SYSTEMPATH\Boot.php(334): CodeIgniter\CodeIgniter->run()
11 SYSTEMPATH\Boot.php(67): CodeIgniter\Boot::runCodeIgniter(Object(CodeIgniter\CodeIgniter))
12 FCPATH\index.php(59): CodeIgniter\Boot::bootWeb(Object(Config\Paths))
CRITICAL - 2025-07-05 23:35:13 --> ErrorException: require_once(C:\xampp\htdocs\guitarraguagua-project\Framework\app\ThirdParty/fpdf/fpdf.php): Failed to open stream: No such file or directory
[Method: GET, Route: generar-horario]
in APPPATH\Controllers\GenerarHorarioCon.php on line 4.
 1 APPPATH\Controllers\GenerarHorarioCon.php(4): CodeIgniter\Debug\Exceptions->errorHandler(2, 'require_once(C:\\xampp\\htdocs\\guitarraguagua-project\\Framework\\app\\ThirdParty/fpdf/fpdf.php): Failed to open stream: No such file or directory', 'C:\\xampp\\htdocs\\guitarraguagua-project\\Framework\\app\\Controllers\\GenerarHorarioCon.php', 4)
 2 APPPATH\Controllers\GenerarHorarioCon.php(4): require_once()
 3 SYSTEMPATH\Autoloader\Autoloader.php(316): include_once('C:\\xampp\\htdocs\\guitarraguagua-project\\Framework\\app\\Controllers\\GenerarHorarioCon.php')
 4 SYSTEMPATH\Autoloader\Autoloader.php(295): CodeIgniter\Autoloader\Autoloader->includeFile('C:\\xampp\\htdocs\\guitarraguagua-project\\Framework\\app\\Controllers\\GenerarHorarioCon.php')
 5 SYSTEMPATH\Autoloader\Autoloader.php(271): CodeIgniter\Autoloader\Autoloader->loadInNamespace('App\\Controllers\\GenerarHorarioCon')
 6 [internal function]: CodeIgniter\Autoloader\Autoloader->loadClass('App\\Controllers\\GenerarHorarioCon')
 7 SYSTEMPATH\CodeIgniter.php(885): class_exists('\\App\\Controllers\\GenerarHorarioCon', true)
 8 SYSTEMPATH\CodeIgniter.php(494): CodeIgniter\CodeIgniter->startController()
 9 SYSTEMPATH\CodeIgniter.php(354): CodeIgniter\CodeIgniter->handleRequest(null, Object(Config\Cache), false)
10 SYSTEMPATH\Boot.php(334): CodeIgniter\CodeIgniter->run()
11 SYSTEMPATH\Boot.php(67): CodeIgniter\Boot::runCodeIgniter(Object(CodeIgniter\CodeIgniter))
12 FCPATH\index.php(59): CodeIgniter\Boot::bootWeb(Object(Config\Paths))
CRITICAL - 2025-07-05 23:35:13 --> ErrorException: require_once(C:\xampp\htdocs\guitarraguagua-project\Framework\app\ThirdParty/fpdf/fpdf.php): Failed to open stream: No such file or directory
[Method: GET, Route: generar-horario]
in APPPATH\Controllers\GenerarHorarioCon.php on line 4.
 1 APPPATH\Controllers\GenerarHorarioCon.php(4): CodeIgniter\Debug\Exceptions->errorHandler(2, 'require_once(C:\\xampp\\htdocs\\guitarraguagua-project\\Framework\\app\\ThirdParty/fpdf/fpdf.php): Failed to open stream: No such file or directory', 'C:\\xampp\\htdocs\\guitarraguagua-project\\Framework\\app\\Controllers\\GenerarHorarioCon.php', 4)
 2 APPPATH\Controllers\GenerarHorarioCon.php(4): require_once()
 3 SYSTEMPATH\Autoloader\Autoloader.php(316): include_once('C:\\xampp\\htdocs\\guitarraguagua-project\\Framework\\app\\Controllers\\GenerarHorarioCon.php')
 4 SYSTEMPATH\Autoloader\Autoloader.php(295): CodeIgniter\Autoloader\Autoloader->includeFile('C:\\xampp\\htdocs\\guitarraguagua-project\\Framework\\app\\Controllers\\GenerarHorarioCon.php')
 5 SYSTEMPATH\Autoloader\Autoloader.php(271): CodeIgniter\Autoloader\Autoloader->loadInNamespace('App\\Controllers\\GenerarHorarioCon')
 6 [internal function]: CodeIgniter\Autoloader\Autoloader->loadClass('App\\Controllers\\GenerarHorarioCon')
 7 SYSTEMPATH\CodeIgniter.php(885): class_exists('\\App\\Controllers\\GenerarHorarioCon', true)
 8 SYSTEMPATH\CodeIgniter.php(494): CodeIgniter\CodeIgniter->startController()
 9 SYSTEMPATH\CodeIgniter.php(354): CodeIgniter\CodeIgniter->handleRequest(null, Object(Config\Cache), false)
10 SYSTEMPATH\Boot.php(334): CodeIgniter\CodeIgniter->run()
11 SYSTEMPATH\Boot.php(67): CodeIgniter\Boot::runCodeIgniter(Object(CodeIgniter\CodeIgniter))
12 FCPATH\index.php(59): CodeIgniter\Boot::bootWeb(Object(Config\Paths))
